<?xml version="1.0" encoding="UTF-8"?>
<!-- Generated by org.testng.reporters.JUnitReportReporter -->
<testsuite hostname="HP-PC" failures="0" tests="1" name="Test.CompareData" time="105.936" errors="0" timestamp="2022-08-05T17:06:43 IST" skipped="0">
  <testcase classname="Test.CompareData" name="getData" time="105.936"/>
  <system-out>
    <![CDATA[Test Failed
Test passed]]>
  </system-out>
</testsuite> <!-- Test.CompareData -->
